[debug] [2023-01-02T12:37:35.049Z] ----------------------------------------------------------------------
[debug] [2023-01-02T12:37:35.052Z] Command:       /usr/local/Cellar/node/19.0.1/bin/node /usr/local/bin/firebase init
[debug] [2023-01-02T12:37:35.052Z] CLI Version:   11.19.0
[debug] [2023-01-02T12:37:35.053Z] Platform:      darwin
[debug] [2023-01-02T12:37:35.053Z] Node Version:  v19.0.1
[debug] [2023-01-02T12:37:35.053Z] Time:          Mon Jan 02 2023 21:37:35 GMT+0900 (대한민국 표준시)
[debug] [2023-01-02T12:37:35.053Z] ----------------------------------------------------------------------
[debug] 
[debug] [2023-01-02T12:37:35.059Z] > command requires scopes: ["email","openid","https://www.googleapis.com/auth/cloudplatformprojects.readonly","https://www.googleapis.com/auth/firebase","https://www.googleapis.com/auth/cloud-platform"]
[debug] [2023-01-02T12:37:35.060Z] > authorizing via signed-in user (9utesleben@gmail.com)
[info] 
     ######## #### ########  ######## ########     ###     ######  ########
     ##        ##  ##     ## ##       ##     ##  ##   ##  ##       ##
     ######    ##  ########  ######   ########  #########  ######  ######
     ##        ##  ##    ##  ##       ##     ## ##     ##       ## ##
     ##       #### ##     ## ######## ########  ##     ##  ######  ########

You're about to initialize a Firebase project in this directory:

  /Users/woojisoo/Documents/dev/react-disney-app

[info] 
=== Project Setup
[info] 
[info] First, let's associate this project directory with a Firebase project.
[info] You can create multiple project aliases by running firebase use --add, 
[info] but for now we'll just set up a default project.
[info] 
[debug] [2023-01-02T12:39:35.484Z] >>> [apiv2][query] GET https://firebase.googleapis.com/v1beta1/projects pageSize=100
[debug] [2023-01-02T12:39:36.244Z] <<< [apiv2][status] GET https://firebase.googleapis.com/v1beta1/projects 200
[debug] [2023-01-02T12:39:36.244Z] <<< [apiv2][body] GET https://firebase.googleapis.com/v1beta1/projects [omitted]
[info] i  Using project react-disney-plus-app-f6253 (react-disney-plus-app) 
[info] 
=== Hosting Setup
[info] 
[info] Your public directory is the folder (relative to your project directory) that
[info] will contain Hosting assets to be uploaded with firebase deploy. If you
[info] have a build process for your assets, use your build's output directory.
[info] 
[debug] [2023-01-02T12:41:36.835Z] >>> [apiv2][query] GET https://www.gstatic.com/firebasejs/releases.json [none]
[debug] [2023-01-02T12:41:37.296Z] <<< [apiv2][status] GET https://www.gstatic.com/firebasejs/releases.json 200
[debug] [2023-01-02T12:41:37.297Z] <<< [apiv2][body] GET https://www.gstatic.com/firebasejs/releases.json {"current":{"version":"9.15.0","browserURL":"https://www.gstatic.com/firebasejs/9.15.0/firebase.js","packageURL":"https://www.gstatic.com/firebasejs/9.15.0/firebase.tgz"},"live":{"version":"9.15","browserURL":"https://www.gstatic.com/firebasejs/live/9.15/firebase.js","packageURL":"https://www.gstatic.com/firebasejs/live/9.15/firebase.tgz"},"components":{"analytics":"https://www.gstatic.com/firebasejs/9.15.0/firebase-analytics.js","app":"https://www.gstatic.com/firebasejs/9.15.0/firebase-app.js","app-check":"https://www.gstatic.com/firebasejs/9.15.0/firebase-app-check.js","auth":"https://www.gstatic.com/firebasejs/9.15.0/firebase-auth.js","auth/cordova":"https://www.gstatic.com/firebasejs/9.15.0/firebase-auth/cordova.js","auth/react-native":"https://www.gstatic.com/firebasejs/9.15.0/firebase-auth/react-native.js","functions":"https://www.gstatic.com/firebasejs/9.15.0/firebase-functions.js","firestore":"https://www.gstatic.com/firebasejs/9.15.0/firebase-firestore.js","firestore/lite":"https://www.gstatic.com/firebasejs/9.15.0/firebase-firestore/lite.js","installations":"https://www.gstatic.com/firebasejs/9.15.0/firebase-installations.js","storage":"https://www.gstatic.com/firebasejs/9.15.0/firebase-storage.js","performance":"https://www.gstatic.com/firebasejs/9.15.0/firebase-performance.js","remote-config":"https://www.gstatic.com/firebasejs/9.15.0/firebase-remote-config.js","messaging":"https://www.gstatic.com/firebasejs/9.15.0/firebase-messaging.js","messaging/sw":"https://www.gstatic.com/firebasejs/9.15.0/firebase-messaging/sw.js","database":"https://www.gstatic.com/firebasejs/9.15.0/firebase-database.js","firestore.memory":"https://www.gstatic.com/firebasejs/9.15.0/firebase-firestore.memory.js"}}
[info] i  Skipping write of build/index.html 
[info] 
[info] i  Detected a .git folder at /Users/woojisoo/Documents/dev/react-disney-app 
[info] i  Authorizing with GitHub to upload your service account to a GitHub repository's secrets store. 
[info] 
[info] Visit this URL on this device to log in:
[info] https://github.com/login/oauth/authorize?client_id=89cf50f02ac6aaed3484&state=374105328&redirect_uri=http%3A%2F%2Flocalhost%3A9005&scope=read%3Auser%20repo%20public_repo
[info] 
[info] Waiting for authentication...
[debug] [2023-01-02T12:42:01.998Z] >>> [apiv2][query] POST https://github.com/login/oauth/access_token [none]
[debug] [2023-01-02T12:42:01.998Z] >>> [apiv2][body] POST https://github.com/login/oauth/access_token [stream]
[debug] [2023-01-02T12:42:02.690Z] <<< [apiv2][status] POST https://github.com/login/oauth/access_token 200
[debug] [2023-01-02T12:42:02.690Z] <<< [apiv2][body] POST https://github.com/login/oauth/access_token {"access_token":"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","token_type":"bearer","scope":"read:user,repo"}
[debug] [2023-01-02T12:42:02.695Z] >>> [apiv2][query] GET https://api.github.com/user [none]
[debug] [2023-01-02T12:42:03.059Z] <<< [apiv2][status] GET https://api.github.com/user 200
[debug] [2023-01-02T12:42:03.059Z] <<< [apiv2][body] GET https://api.github.com/user {"login":"jisooround","id":110647022,"node_id":"U_kgDOBphW7g","avatar_url":"https://avatars.githubusercontent.com/u/110647022?v=4","gravatar_id":"","url":"https://api.github.com/users/jisooround","html_url":"https://github.com/jisooround","followers_url":"https://api.github.com/users/jisooround/followers","following_url":"https://api.github.com/users/jisooround/following{/other_user}","gists_url":"https://api.github.com/users/jisooround/gists{/gist_id}","starred_url":"https://api.github.com/users/jisooround/starred{/owner}{/repo}","subscriptions_url":"https://api.github.com/users/jisooround/subscriptions","organizations_url":"https://api.github.com/users/jisooround/orgs","repos_url":"https://api.github.com/users/jisooround/repos","events_url":"https://api.github.com/users/jisooround/events{/privacy}","received_events_url":"https://api.github.com/users/jisooround/received_events","type":"User","site_admin":false,"name":"WooJiSoo","company":null,"blog":"","location":null,"email":null,"hireable":null,"bio":null,"twitter_username":null,"public_repos":19,"public_gists":0,"followers":12,"following":19,"created_at":"2022-08-05T02:10:44Z","updated_at":"2023-01-02T12:41:51Z","private_gists":0,"total_private_repos":1,"owned_private_repos":1,"disk_usage":39819,"collaborators":0,"two_factor_authentication":false,"plan":{"name":"free","space":976562499,"collaborators":0,"private_repos":10000}}
[info] 
[info] ✔  Success! Logged into GitHub as jisooround 
[info] 
